<?xml version="1.0" encoding="UTF-8" standalone="no"?>
<!DOCTYPE log SYSTEM "logger.dtd">
<log>
<record>
  <date>2018-10-01T21:24:46</date>
  <millis>1538450686200</millis>
  <sequence>0</sequence>
  <logger>ListOfNumbers</logger>
  <level>WARNING</level>
  <class>ListOfNumbers.ListOfNumbers</class>
  <method>writeList2</method>
  <thread>1</thread>
  <message>rangeCheck</message>
</record>
<record>
  <date>2018-10-01T21:24:46</date>
  <millis>1538450686243</millis>
  <sequence>1</sequence>
  <logger>ListOfNumbers</logger>
  <level>WARNING</level>
  <class>ListOfNumbers.ListOfNumbers</class>
  <method>writeList2</method>
  <thread>1</thread>
  <message>get</message>
</record>
<record>
  <date>2018-10-01T21:24:46</date>
  <millis>1538450686244</millis>
  <sequence>2</sequence>
  <logger>ListOfNumbers</logger>
  <level>WARNING</level>
  <class>ListOfNumbers.ListOfNumbers</class>
  <method>writeList2</method>
  <thread>1</thread>
  <message>writeList2</message>
</record>
<record>
  <date>2018-10-01T21:24:46</date>
  <millis>1538450686245</millis>
  <sequence>3</sequence>
  <logger>ListOfNumbers</logger>
  <level>WARNING</level>
  <class>ListOfNumbers.ListOfNumbers</class>
  <method>writeList2</method>
  <thread>1</thread>
  <message>main</message>
</record>
</log>
